2022-12-13 23:48:55,233 [INFO] com.travel.OnlineTravelBookingHotelApplication [restartedMain] Starting OnlineTravelBookingHotelApplication using Java 17.0.4.1 on inlen8520081456 with PID 15212 (C:\Users\ms124\Documents\workspace-spring-tool-suite-4-4.16.1.RELEASE\GradleProject\MicroServices\SprintProjectTravelBooking\OnlineTravel_BookingHotel\bin\main started by ms124 in C:\Users\ms124\Documents\workspace-spring-tool-suite-4-4.16.1.RELEASE\GradleProject\MicroServices\SprintProjectTravelBooking\OnlineTravel_BookingHotel)
2022-12-13 23:48:55,243 [INFO] com.travel.OnlineTravelBookingHotelApplication [restartedMain] No active profile set, falling back to 1 default profile: "default"
2022-12-13 23:48:55,305 [INFO] org.springframework.boot.devtools.env.DevToolsPropertyDefaultsPostProcessor [restartedMain] Devtools property defaults active! Set 'spring.devtools.add-properties' to 'false' to disable
2022-12-13 23:48:55,305 [INFO] org.springframework.boot.devtools.env.DevToolsPropertyDefaultsPostProcessor [restartedMain] For additional web related logging consider setting the 'logging.level.web' property to 'DEBUG'
2022-12-13 23:48:56,050 [INFO] org.springframework.data.repository.config.RepositoryConfigurationDelegate [restartedMain] Bootstrapping Spring Data JPA repositories in DEFAULT mode.
2022-12-13 23:48:56,115 [INFO] org.springframework.data.repository.config.RepositoryConfigurationDelegate [restartedMain] Finished Spring Data repository scanning in 53 ms. Found 1 JPA repository interfaces.
2022-12-13 23:48:56,928 [INFO] org.springframework.boot.web.embedded.tomcat.TomcatWebServer [restartedMain] Tomcat initialized with port(s): 8011 (http)
2022-12-13 23:48:56,943 [INFO] org.apache.catalina.core.StandardService [restartedMain] Starting service [Tomcat]
2022-12-13 23:48:56,944 [INFO] org.apache.catalina.core.StandardEngine [restartedMain] Starting Servlet engine: [Apache Tomcat/9.0.68]
2022-12-13 23:48:57,037 [INFO] org.apache.catalina.core.ContainerBase.[Tomcat].[localhost].[/] [restartedMain] Initializing Spring embedded WebApplicationContext
2022-12-13 23:48:57,037 [INFO] org.springframework.boot.web.servlet.context.ServletWebServerApplicationContext [restartedMain] Root WebApplicationContext: initialization completed in 1731 ms
2022-12-13 23:48:57,240 [INFO] org.hibernate.jpa.internal.util.LogHelper [restartedMain] HHH000204: Processing PersistenceUnitInfo [name: default]
2022-12-13 23:48:57,305 [INFO] org.hibernate.Version [restartedMain] HHH000412: Hibernate ORM core version 5.6.12.Final
2022-12-13 23:48:57,529 [INFO] org.hibernate.annotations.common.Version [restartedMain] HCANN000001: Hibernate Commons Annotations {5.1.2.Final}
2022-12-13 23:48:57,661 [INFO] com.zaxxer.hikari.HikariDataSource [restartedMain] HikariPool-1 - Starting...
2022-12-13 23:48:57,905 [INFO] com.zaxxer.hikari.HikariDataSource [restartedMain] HikariPool-1 - Start completed.
2022-12-13 23:48:57,925 [INFO] org.hibernate.dialect.Dialect [restartedMain] HHH000400: Using dialect: org.hibernate.dialect.PostgreSQLDialect
2022-12-13 23:48:58,741 [INFO] org.hibernate.engine.transaction.jta.platform.internal.JtaPlatformInitiator [restartedMain] HHH000490: Using JtaPlatform implementation: [org.hibernate.engine.transaction.jta.platform.internal.NoJtaPlatform]
2022-12-13 23:48:58,751 [INFO] org.springframework.orm.jpa.LocalContainerEntityManagerFactoryBean [restartedMain] Initialized JPA EntityManagerFactory for persistence unit 'default'
2022-12-13 23:48:59,348 [WARN] org.springframework.boot.autoconfigure.orm.jpa.JpaBaseConfiguration$JpaWebConfiguration [restartedMain] spring.jpa.open-in-view is enabled by default. Therefore, database queries may be performed during view rendering. Explicitly configure spring.jpa.open-in-view to disable this warning
2022-12-13 23:48:59,775 [INFO] org.springframework.boot.devtools.autoconfigure.OptionalLiveReloadServer [restartedMain] LiveReload server is running on port 35729
2022-12-13 23:48:59,825 [INFO] org.springframework.boot.web.embedded.tomcat.TomcatWebServer [restartedMain] Tomcat started on port(s): 8011 (http) with context path ''
2022-12-13 23:48:59,839 [INFO] com.travel.OnlineTravelBookingHotelApplication [restartedMain] Started OnlineTravelBookingHotelApplication in 5.053 seconds (JVM running for 5.595)
2022-12-13 23:51:53,299 [INFO] org.apache.catalina.core.ContainerBase.[Tomcat].[localhost].[/] [http-nio-8011-exec-1] Initializing Spring DispatcherServlet 'dispatcherServlet'
2022-12-13 23:51:53,299 [INFO] org.springframework.web.servlet.DispatcherServlet [http-nio-8011-exec-1] Initializing Servlet 'dispatcherServlet'
2022-12-13 23:51:53,299 [INFO] org.springframework.web.servlet.DispatcherServlet [http-nio-8011-exec-1] Completed initialization in 0 ms
2022-12-13 23:51:53,493 [INFO] com.travel.entity.controller.AdminControllerHotelBooking [http-nio-8011-exec-1] Inside try of AddHotel 
